#
# There is insufficient memory for the Java Runtime Environment to continue.
# Native memory allocation (malloc) failed to allocate 2798064 bytes for Chunk::new
# Possible reasons:
#   The system is out of physical RAM or swap space
#   The process is running with CompressedOops enabled, and the Java Heap may be blocking the growth of the native heap
# Possible solutions:
#   Reduce memory load on the system
#   Increase physical memory or swap space
#   Check if swap backing store is full
#   Decrease Java heap size (-Xmx/-Xms)
#   Decrease number of Java threads
#   Decrease Java thread stack sizes (-Xss)
#   Set larger code cache with -XX:ReservedCodeCacheSize=
#   JVM is running with Unscaled Compressed Oops mode in which the Java heap is
#     placed in the first 4GB address space. The Java Heap base address is the
#     maximum limit for the native heap growth. Please use -XX:HeapBaseMinAddress
#     to set the Java Heap base and to place the Java Heap above 4GB virtual address.
# This output file may be truncated or incomplete.
#
#  Out of Memory Error (arena.cpp:189), pid=104720, tid=104724
#
# JRE version: Java(TM) SE Runtime Environment (17.0.10+11) (build 17.0.10+11-LTS-240)
# Java VM: Java HotSpot(TM) 64-Bit Server VM (17.0.10+11-LTS-240, mixed mode, sharing, tiered, compressed oops, compressed class ptrs, g1 gc, windows-amd64)
# No core dump will be written. Minidumps are not enabled by default on client versions of Windows
#

---------------  S U M M A R Y ------------

Command Line: -XX:+ShowCodeDetailsInExceptionMessages friends.myfriends.MyfriendsApplication

Host: AMD Ryzen 5 3500U with Radeon Vega Mobile Gfx  , 8 cores, 5G,  Windows 11 , 64 bit Build 22621 (10.0.22621.2506)
Time: Wed Jan 31 19:17:11 2024 FLE Standard Time elapsed time: 585.782565 seconds (0d 0h 9m 45s)

---------------  T H R E A D  ---------------

Current thread (0x00000204c794cb60):  JavaThread "C2 CompilerThread0" daemon [_thread_in_native, id=104724, stack(0x0000002310100000,0x0000002310200000)]


Current CompileTask:
C2: 585783 4836   !   4       org.springframework.core.annotation.AnnotationsScanner::processClassHierarchy (234 bytes)

Stack: [0x0000002310100000,0x0000002310200000]
Native frames: (J=compiled Java code, j=interpreted, Vv=VM code, C=native code)
V  [jvm.dll+0x677a5a]
V  [jvm.dll+0x7d8b2d]
V  [jvm.dll+0x7da48e]
V  [jvm.dll+0x7daaf3]
V  [jvm.dll+0x2455ff]
V  [jvm.dll+0xaaafb]
V  [jvm.dll+0xab09c]
V  [jvm.dll+0x361bae]
V  [jvm.dll+0x1bb3ca]
V  [jvm.dll+0x217aa7]
V  [jvm.dll+0x216d81]
V  [jvm.dll+0x1a3410]
V  [jvm.dll+0x226aeb]
V  [jvm.dll+0x224cab]
V  [jvm.dll+0x78e45c]
V  [jvm.dll+0x78888a]
V  [jvm.dll+0x676935]
C  [ucrtbase.dll+0x29363]
C  [KERNEL32.DLL+0x1257d]
C  [ntdll.dll+0x5aa58]


---------------  P R O C E S S  ---------------

Threads class SMR info:
_java_thread_list=0x000002050ea62ce0, length=15, elements={
0x00000204c792cc00, 0x00000204c792da80, 0x00000204c7944a20, 0x00000204c79455e0,
0x00000204c7947fb0, 0x00000204c794be70, 0x00000204c794cb60, 0x00000204c7955620,
0x00000204c795ab40, 0x00000204c7b87e80, 0x00000204c7b8df80, 0x000002050df024b0,
0x000002050ed468e0, 0x000002050ed49670, 0x000002050ed44060
}

Java Threads: ( => current thread )
  0x00000204c792cc00 JavaThread "Reference Handler" daemon [_thread_blocked, id=86280, stack(0x000000230fb00000,0x000000230fc00000)]
  0x00000204c792da80 JavaThread "Finalizer" daemon [_thread_blocked, id=83964, stack(0x000000230fc00000,0x000000230fd00000)]
  0x00000204c7944a20 JavaThread "Signal Dispatcher" daemon [_thread_blocked, id=95572, stack(0x000000230fd00000,0x000000230fe00000)]
  0x00000204c79455e0 JavaThread "Attach Listener" daemon [_thread_blocked, id=101168, stack(0x000000230fe00000,0x000000230ff00000)]
  0x00000204c7947fb0 JavaThread "Service Thread" daemon [_thread_blocked, id=103928, stack(0x000000230ff00000,0x0000002310000000)]
  0x00000204c794be70 JavaThread "Monitor Deflation Thread" daemon [_thread_blocked, id=49284, stack(0x0000002310000000,0x0000002310100000)]
=>0x00000204c794cb60 JavaThread "C2 CompilerThread0" daemon [_thread_in_native, id=104724, stack(0x0000002310100000,0x0000002310200000)]
  0x00000204c7955620 JavaThread "C1 CompilerThread0" daemon [_thread_blocked, id=90000, stack(0x0000002310200000,0x0000002310300000)]
  0x00000204c795ab40 JavaThread "Sweeper thread" daemon [_thread_blocked, id=102308, stack(0x0000002310300000,0x0000002310400000)]
  0x00000204c7b87e80 JavaThread "Notification Thread" daemon [_thread_blocked, id=99384, stack(0x0000002310400000,0x0000002310500000)]
  0x00000204c7b8df80 JavaThread "Common-Cleaner" daemon [_thread_blocked, id=86900, stack(0x0000002310600000,0x0000002310700000)]
  0x000002050df024b0 JavaThread "Live Reload Server" daemon [_thread_in_native, id=103196, stack(0x0000002311600000,0x0000002311700000)]
  0x000002050ed468e0 JavaThread "DestroyJavaVM" [_thread_blocked, id=107004, stack(0x000000230f400000,0x000000230f500000)]
  0x000002050ed49670 JavaThread "Thread-7" [_thread_blocked, id=82092, stack(0x000000230f100000,0x000000230f200000)]
  0x000002050ed44060 JavaThread "restartedMain" [_thread_in_native, id=95000, stack(0x000000230f300000,0x000000230f400000)]

Other Threads:
  0x00000204c7929bd0 VMThread "VM Thread" [stack: 0x000000230fa00000,0x000000230fb00000] [id=105288]
  0x00000204c7b8a370 WatcherThread [stack: 0x0000002310500000,0x0000002310600000] [id=104716]
  0x00000204aab9b510 GCTaskThread "GC Thread#0" [stack: 0x000000230f500000,0x000000230f600000] [id=104004]
  0x000002050d4c21a0 GCTaskThread "GC Thread#1" [stack: 0x0000002310900000,0x0000002310a00000] [id=96412]
  0x000002050d4c2460 GCTaskThread "GC Thread#2" [stack: 0x0000002310a00000,0x0000002310b00000] [id=4136]
  0x000002050d511ed0 GCTaskThread "GC Thread#3" [stack: 0x0000002310b00000,0x0000002310c00000] [id=72576]
  0x000002050d512190 GCTaskThread "GC Thread#4" [stack: 0x0000002310c00000,0x0000002310d00000] [id=106424]
  0x000002050d512450 GCTaskThread "GC Thread#5" [stack: 0x0000002310d00000,0x0000002310e00000] [id=83564]
  0x000002050dd01620 GCTaskThread "GC Thread#6" [stack: 0x0000002310f00000,0x0000002311000000] [id=98296]
  0x000002050dd41440 GCTaskThread "GC Thread#7" [stack: 0x0000002311000000,0x0000002311100000] [id=79164]
  0x00000204aaba80a0 ConcurrentGCThread "G1 Main Marker" [stack: 0x000000230f600000,0x000000230f700000] [id=102612]
  0x00000204aabaa260 ConcurrentGCThread "G1 Conc#0" [stack: 0x000000230f700000,0x000000230f800000] [id=85496]
  0x000002050df03030 ConcurrentGCThread "G1 Conc#1" [stack: 0x0000002310e00000,0x0000002310f00000] [id=108324]
  0x00000204aac0e120 ConcurrentGCThread "G1 Refine#0" [stack: 0x000000230f800000,0x000000230f900000] [id=104468]
  0x00000204aac0eb50 ConcurrentGCThread "G1 Service" [stack: 0x000000230f900000,0x000000230fa00000] [id=100796]

Threads with active compile tasks:
C2 CompilerThread0   585860 4836   !   4       org.springframework.core.annotation.AnnotationsScanner::processClassHierarchy (234 bytes)
C1 CompilerThread0   585860 4934       2       org.springframework.boot.autoconfigure.condition.OnClassCondition$StandardOutcomesResolver::getOutcomes (68 bytes)

VM state: not at safepoint (normal execution)

VM Mutex/Monitor currently owned by a thread: None

Heap address: 0x00000000a1e00000, size: 1506 MB, Compressed Oops mode: 32-bit

CDS archive(s) mapped at: [0x00000204c8000000-0x00000204c8bd0000-0x00000204c8bd0000), size 12386304, SharedBaseAddress: 0x00000204c8000000, ArchiveRelocationMode: 1.
Compressed class space mapped at: 0x00000204c9000000-0x0000020509000000, reserved size: 1073741824
Narrow klass base: 0x00000204c8000000, Narrow klass shift: 0, Narrow klass range: 0x100000000

GC Precious Log:
 CPUs: 8 total, 8 available
 Memory: 6020M
 Large Page Support: Disabled
 NUMA Support: Disabled
 Compressed Oops: Enabled (32-bit)
 Heap Region Size: 1M
 Heap Min Capacity: 8M
 Heap Initial Capacity: 96M
 Heap Max Capacity: 1506M
 Pre-touch: Disabled
 Parallel Workers: 8
 Concurrent Workers: 2
 Concurrent Refinement Workers: 8
 Periodic GC: Disabled

Heap:
 garbage-first heap   total 40960K, used 24193K [0x00000000a1e00000, 0x0000000100000000)
  region size 1024K, 12 young (12288K), 0 survivors (0K)
 Metaspace       used 33703K, committed 34240K, reserved 1114112K
  class space    used 4207K, committed 4480K, reserved 1048576K

Heap Regions: E=young(eden), S=young(survivor), O=old, HS=humongous(starts), HC=humongous(continues), CS=collection set, F=free, OA=open archive, CA=closed archive, TAMS=top-at-mark-start (previous, next)
|   0|0x00000000a1e00000, 0x00000000a1f00000, 0x00000000a1f00000|100%| O|  |TAMS 0x00000000a1f00000, 0x00000000a1e00000| Untracked 
|   1|0x00000000a1f00000, 0x00000000a2000000, 0x00000000a2000000|100%| O|  |TAMS 0x00000000a1f00000, 0x00000000a1f00000| Untracked 
|   2|0x00000000a2000000, 0x00000000a20eaaf8, 0x00000000a2100000| 91%| O|  |TAMS 0x00000000a2000000, 0x00000000a2000000| Untracked 
|   3|0x00000000a2100000, 0x00000000a21fffe8, 0x00000000a2200000| 99%| O|  |TAMS 0x00000000a2100000, 0x00000000a2100000| Untracked 
|   4|0x00000000a2200000, 0x00000000a22ffa88, 0x00000000a2300000| 99%| O|  |TAMS 0x00000000a2200000, 0x00000000a2200000| Untracked 
|   5|0x00000000a2300000, 0x00000000a23ffff8, 0x00000000a2400000| 99%| O|  |TAMS 0x00000000a2300000, 0x00000000a2300000| Untracked 
|   6|0x00000000a2400000, 0x00000000a2500000, 0x00000000a2500000|100%| O|  |TAMS 0x00000000a2400000, 0x00000000a2400000| Untracked 
|   7|0x00000000a2500000, 0x00000000a25ffff0, 0x00000000a2600000| 99%| O|  |TAMS 0x00000000a2500000, 0x00000000a2500000| Untracked 
|   8|0x00000000a2600000, 0x00000000a26ffff8, 0x00000000a2700000| 99%| O|  |TAMS 0x00000000a2600000, 0x00000000a2600000| Untracked 
|   9|0x00000000a2700000, 0x00000000a27fffe0, 0x00000000a2800000| 99%| O|  |TAMS 0x00000000a27fffe0, 0x00000000a2700000| Untracked 
|  10|0x00000000a2800000, 0x00000000a28a84c0, 0x00000000a2900000| 65%| O|  |TAMS 0x00000000a2800000, 0x00000000a2800000| Untracked 
|  11|0x00000000a2900000, 0x00000000a29ffff0, 0x00000000a2a00000| 99%| O|  |TAMS 0x00000000a2900000, 0x00000000a2900000| Untracked 
|  12|0x00000000a2a00000, 0x00000000a2affff0, 0x00000000a2b00000| 99%| O|  |TAMS 0x00000000a2a00000, 0x00000000a2a00000| Untracked 
|  13|0x00000000a2b00000, 0x00000000a2bbfed8, 0x00000000a2c00000| 74%| O|  |TAMS 0x00000000a2b00000, 0x00000000a2b00000| Untracked 
|  14|0x00000000a2c00000, 0x00000000a2c00000, 0x00000000a2d00000|  0%| F|  |TAMS 0x00000000a2c00000, 0x00000000a2c00000| Untracked 
|  15|0x00000000a2d00000, 0x00000000a2d4db78, 0x00000000a2e00000| 30%| O|  |TAMS 0x00000000a2d00000, 0x00000000a2d00000| Untracked 
|  16|0x00000000a2e00000, 0x00000000a2e00000, 0x00000000a2f00000|  0%| F|  |TAMS 0x00000000a2e00000, 0x00000000a2e00000| Untracked 
|  17|0x00000000a2f00000, 0x00000000a2f00000, 0x00000000a3000000|  0%| F|  |TAMS 0x00000000a2f00000, 0x00000000a2f00000| Untracked 
|  18|0x00000000a3000000, 0x00000000a3000000, 0x00000000a3100000|  0%| F|  |TAMS 0x00000000a3000000, 0x00000000a3000000| Untracked 
|  19|0x00000000a3100000, 0x00000000a3100000, 0x00000000a3200000|  0%| F|  |TAMS 0x00000000a3100000, 0x00000000a3100000| Untracked 
|  20|0x00000000a3200000, 0x00000000a3200000, 0x00000000a3300000|  0%| F|  |TAMS 0x00000000a3200000, 0x00000000a3200000| Untracked 
|  21|0x00000000a3300000, 0x00000000a3300000, 0x00000000a3400000|  0%| F|  |TAMS 0x00000000a3300000, 0x00000000a3300000| Untracked 
|  22|0x00000000a3400000, 0x00000000a3400000, 0x00000000a3500000|  0%| F|  |TAMS 0x00000000a3400000, 0x00000000a3400000| Untracked 
|  23|0x00000000a3500000, 0x00000000a3500000, 0x00000000a3600000|  0%| F|  |TAMS 0x00000000a3500000, 0x00000000a3500000| Untracked 
|  24|0x00000000a3600000, 0x00000000a3600000, 0x00000000a3700000|  0%| F|  |TAMS 0x00000000a3600000, 0x00000000a3600000| Untracked 
|  25|0x00000000a3700000, 0x00000000a3700000, 0x00000000a3800000|  0%| F|  |TAMS 0x00000000a3700000, 0x00000000a3700000| Untracked 
|  26|0x00000000a3800000, 0x00000000a3800000, 0x00000000a3900000|  0%| F|  |TAMS 0x00000000a3800000, 0x00000000a3800000| Untracked 
|  27|0x00000000a3900000, 0x00000000a3900000, 0x00000000a3a00000|  0%| F|  |TAMS 0x00000000a3900000, 0x00000000a3900000| Untracked 
|  28|0x00000000a3a00000, 0x00000000a3ac5818, 0x00000000a3b00000| 77%| E|  |TAMS 0x00000000a3a00000, 0x00000000a3a00000| Complete 
|  29|0x00000000a3b00000, 0x00000000a3c00000, 0x00000000a3c00000|100%| E|CS|TAMS 0x00000000a3b00000, 0x00000000a3b00000| Complete 
|  30|0x00000000a3c00000, 0x00000000a3d00000, 0x00000000a3d00000|100%| E|CS|TAMS 0x00000000a3c00000, 0x00000000a3c00000| Complete 
|  31|0x00000000a3d00000, 0x00000000a3e00000, 0x00000000a3e00000|100%| E|CS|TAMS 0x00000000a3d00000, 0x00000000a3d00000| Complete 
|  32|0x00000000a3e00000, 0x00000000a3f00000, 0x00000000a3f00000|100%| E|  |TAMS 0x00000000a3e00000, 0x00000000a3e00000| Complete 
|  43|0x00000000a4900000, 0x00000000a4a00000, 0x00000000a4a00000|100%| E|CS|TAMS 0x00000000a4900000, 0x00000000a4900000| Complete 
|  44|0x00000000a4a00000, 0x00000000a4b00000, 0x00000000a4b00000|100%| E|CS|TAMS 0x00000000a4a00000, 0x00000000a4a00000| Complete 
|  45|0x00000000a4b00000, 0x00000000a4c00000, 0x00000000a4c00000|100%| E|CS|TAMS 0x00000000a4b00000, 0x00000000a4b00000| Complete 
|  46|0x00000000a4c00000, 0x00000000a4d00000, 0x00000000a4d00000|100%| E|CS|TAMS 0x00000000a4c00000, 0x00000000a4c00000| Complete 
|  47|0x00000000a4d00000, 0x00000000a4e00000, 0x00000000a4e00000|100%| E|CS|TAMS 0x00000000a4d00000, 0x00000000a4d00000| Complete 
|  48|0x00000000a4e00000, 0x00000000a4f00000, 0x00000000a4f00000|100%| E|CS|TAMS 0x00000000a4e00000, 0x00000000a4e00000| Complete 
|  95|0x00000000a7d00000, 0x00000000a7e00000, 0x00000000a7e00000|100%| E|CS|TAMS 0x00000000a7d00000, 0x00000000a7d00000| Complete 

Card table byte_map: [0x00000204c1a30000,0x00000204c1d30000] _byte_map_base: 0x00000204c1521000

Marking Bits (Prev, Next): (CMBitMap*) 0x00000204aab9bb70, (CMBitMap*) 0x00000204aab9bb30
 Prev Bits: [0x00000204c37c0000, 0x00000204c4f48000)
 Next Bits: [0x00000204c2030000, 0x00000204c37b8000)

Polling page: 0x00000204aa310000

Metaspace:

Usage:
  Non-class:     28.80 MB used.
      Class:      4.11 MB used.
       Both:     32.91 MB used.

Virtual space:
  Non-class space:       64.00 MB reserved,      29.06 MB ( 45%) committed,  1 nodes.
      Class space:        1.00 GB reserved,       4.38 MB ( <1%) committed,  1 nodes.
             Both:        1.06 GB reserved,      33.44 MB (  3%) committed. 

Chunk freelists:
   Non-Class:  2.23 MB
       Class:  11.54 MB
        Both:  13.78 MB

MaxMetaspaceSize: unlimited
CompressedClassSpaceSize: 1.00 GB
Initial GC threshold: 21.00 MB
Current GC threshold: 55.62 MB
CDS: on
MetaspaceReclaimPolicy: balanced
 - commit_granule_bytes: 65536.
 - commit_granule_words: 8192.
 - virtual_space_node_default_size: 8388608.
 - enlarge_chunks_in_place: 1.
 - new_chunks_are_fully_committed: 0.
 - uncommit_free_chunks: 1.
 - use_allocation_guard: 0.
 - handle_deallocations: 1.


Internal statistics:

num_allocs_failed_limit: 3.
num_arena_births: 628.
num_arena_deaths: 0.
num_vsnodes_births: 2.
num_vsnodes_deaths: 0.
num_space_committed: 535.
num_space_uncommitted: 0.
num_chunks_returned_to_freelist: 3.
num_chunks_taken_from_freelist: 1879.
num_chunk_merges: 3.
num_chunk_splits: 1281.
num_chunks_enlarged: 910.
num_inconsistent_stats: 0.

CodeHeap 'non-profiled nmethods': size=120000Kb used=2503Kb max_used=2503Kb free=117496Kb
 bounds [0x00000204b9ec0000, 0x00000204ba140000, 0x00000204c13f0000]
CodeHeap 'profiled nmethods': size=120000Kb used=10446Kb max_used=10446Kb free=109553Kb
 bounds [0x00000204b23f0000, 0x00000204b2e30000, 0x00000204b9920000]
CodeHeap 'non-nmethods': size=5760Kb used=1258Kb max_used=1300Kb free=4501Kb
 bounds [0x00000204b9920000, 0x00000204b9b90000, 0x00000204b9ec0000]
 total_blobs=5471 nmethods=4906 adapters=477
 compilation: enabled
              stopped_count=0, restarted_count=0
 full_count=0

Compilation events (20 events):
Event: 585.609 Thread 0x00000204c7955620 4919       2       org.springframework.context.annotation.BeanMethod::<init> (7 bytes)
Event: 585.609 Thread 0x00000204c7955620 nmethod 4919 0x00000204b2e1b810 code [0x00000204b2e1b9a0, 0x00000204b2e1bb58]
Event: 585.609 Thread 0x00000204c7955620 4920       2       org.springframework.context.annotation.ConfigurationMethod::<init> (15 bytes)
Event: 585.609 Thread 0x00000204c7955620 nmethod 4920 0x00000204b2e1bc10 code [0x00000204b2e1bda0, 0x00000204b2e1bf58]
Event: 585.611 Thread 0x00000204c7955620 4921       2       org.springframework.core.type.classreading.SimpleAnnotationMetadata::getAnnotatedMethods (67 bytes)
Event: 585.611 Thread 0x00000204c7955620 nmethod 4921 0x00000204b2e1c010 code [0x00000204b2e1c240, 0x00000204b2e1c6d8]
Event: 585.622 Thread 0x00000204c7955620 4922       2       java.util.ImmutableCollections$AbstractImmutableList::iterator (13 bytes)
Event: 585.622 Thread 0x00000204c7955620 nmethod 4922 0x00000204b2e1c910 code [0x00000204b2e1cac0, 0x00000204b2e1ccc8]
Event: 585.622 Thread 0x00000204c7955620 4923       2       java.util.ImmutableCollections$ListItr::<init> (25 bytes)
Event: 585.623 Thread 0x00000204c7955620 nmethod 4923 0x00000204b2e1cd90 code [0x00000204b2e1cf20, 0x00000204b2e1d078]
Event: 585.625 Thread 0x00000204c7955620 4924   !   2       org.springframework.core.type.classreading.SimpleMetadataReader::getClassReader (62 bytes)
Event: 585.626 Thread 0x00000204c7955620 nmethod 4924 0x00000204b2e1d110 code [0x00000204b2e1d320, 0x00000204b2e1d778]
Event: 585.704 Thread 0x00000204c7955620 4925       2       org.springframework.core.type.StandardAnnotationMetadata::getAnnotationAttributes (25 bytes)
Event: 585.706 Thread 0x00000204c7955620 nmethod 4925 0x00000204b2e1db90 code [0x00000204b2e1dd40, 0x00000204b2e1deb8]
Event: 585.727 Thread 0x00000204c7955620 4926   !   2       org.springframework.context.annotation.ConfigurationClassParser::processConfigurationClass (154 bytes)
Event: 585.732 Thread 0x00000204c7955620 nmethod 4926 0x00000204b2e1df90 code [0x00000204b2e1e220, 0x00000204b2e1e948]
Event: 585.754 Thread 0x00000204c7955620 4927   !   2       org.springframework.context.annotation.ConfigurationClassParser::processImports (371 bytes)
Event: 585.765 Thread 0x00000204c7955620 nmethod 4927 0x00000204b2e1ee10 code [0x00000204b2e1f1e0, 0x00000204b2e20048]
Event: 585.765 Thread 0x00000204c7955620 4928       2       org.springframework.context.annotation.ConfigurationClassParser$SourceClass::asConfigClass (43 bytes)
Event: 585.768 Thread 0x00000204c7955620 nmethod 4928 0x00000204b2e21290 code [0x00000204b2e21460, 0x00000204b2e21798]

GC Heap History (20 events):
Event: 2.404 GC heap before
{Heap before GC invocations=1 (full 0):
 garbage-first heap   total 98304K, used 32004K [0x00000000a1e00000, 0x0000000100000000)
  region size 1024K, 31 young (31744K), 3 survivors (3072K)
 Metaspace       used 13673K, committed 13952K, reserved 1114112K
  class space    used 1675K, committed 1792K, reserved 1048576K
}
Event: 2.411 GC heap after
{Heap after GC invocations=2 (full 0):
 garbage-first heap   total 98304K, used 6724K [0x00000000a1e00000, 0x0000000100000000)
  region size 1024K, 3 young (3072K), 3 survivors (3072K)
 Metaspace       used 13673K, committed 13952K, reserved 1114112K
  class space    used 1675K, committed 1792K, reserved 1048576K
}
Event: 4.611 GC heap before
{Heap before GC invocations=2 (full 0):
 garbage-first heap   total 98304K, used 50756K [0x00000000a1e00000, 0x0000000100000000)
  region size 1024K, 47 young (48128K), 3 survivors (3072K)
 Metaspace       used 21141K, committed 21504K, reserved 1114112K
  class space    used 2636K, committed 2816K, reserved 1048576K
}
Event: 4.622 GC heap after
{Heap after GC invocations=3 (full 0):
 garbage-first heap   total 98304K, used 10419K [0x00000000a1e00000, 0x0000000100000000)
  region size 1024K, 6 young (6144K), 6 survivors (6144K)
 Metaspace       used 21141K, committed 21504K, reserved 1114112K
  class space    used 2636K, committed 2816K, reserved 1048576K
}
Event: 5.892 GC heap before
{Heap before GC invocations=4 (full 0):
 garbage-first heap   total 40960K, used 28851K [0x00000000a1e00000, 0x0000000100000000)
  region size 1024K, 24 young (24576K), 6 survivors (6144K)
 Metaspace       used 24913K, committed 25344K, reserved 1114112K
  class space    used 3134K, committed 3328K, reserved 1048576K
}
Event: 5.901 GC heap after
{Heap after GC invocations=5 (full 0):
 garbage-first heap   total 40960K, used 12201K [0x00000000a1e00000, 0x0000000100000000)
  region size 1024K, 2 young (2048K), 2 survivors (2048K)
 Metaspace       used 24913K, committed 25344K, reserved 1114112K
  class space    used 3134K, committed 3328K, reserved 1048576K
}
Event: 5.956 GC heap before
{Heap before GC invocations=5 (full 0):
 garbage-first heap   total 40960K, used 13225K [0x00000000a1e00000, 0x0000000100000000)
  region size 1024K, 3 young (3072K), 2 survivors (2048K)
 Metaspace       used 25084K, committed 25472K, reserved 1114112K
  class space    used 3160K, committed 3328K, reserved 1048576K
}
Event: 5.960 GC heap after
{Heap after GC invocations=6 (full 0):
 garbage-first heap   total 40960K, used 12600K [0x00000000a1e00000, 0x0000000100000000)
  region size 1024K, 1 young (1024K), 1 survivors (1024K)
 Metaspace       used 25084K, committed 25472K, reserved 1114112K
  class space    used 3160K, committed 3328K, reserved 1048576K
}
Event: 6.818 GC heap before
{Heap before GC invocations=6 (full 0):
 garbage-first heap   total 40960K, used 30008K [0x00000000a1e00000, 0x0000000100000000)
  region size 1024K, 18 young (18432K), 1 survivors (1024K)
 Metaspace       used 27974K, committed 28416K, reserved 1114112K
  class space    used 3550K, committed 3712K, reserved 1048576K
}
Event: 6.823 GC heap after
{Heap after GC invocations=7 (full 0):
 garbage-first heap   total 40960K, used 14126K [0x00000000a1e00000, 0x0000000100000000)
  region size 1024K, 2 young (2048K), 2 survivors (2048K)
 Metaspace       used 27974K, committed 28416K, reserved 1114112K
  class space    used 3550K, committed 3712K, reserved 1048576K
}
Event: 32.642 GC heap before
{Heap before GC invocations=7 (full 0):
 garbage-first heap   total 40960K, used 30510K [0x00000000a1e00000, 0x0000000100000000)
  region size 1024K, 19 young (19456K), 2 survivors (2048K)
 Metaspace       used 32070K, committed 32512K, reserved 1114112K
  class space    used 4091K, committed 4288K, reserved 1048576K
}
Event: 32.652 GC heap after
{Heap after GC invocations=8 (full 0):
 garbage-first heap   total 40960K, used 16582K [0x00000000a1e00000, 0x0000000100000000)
  region size 1024K, 3 young (3072K), 3 survivors (3072K)
 Metaspace       used 32070K, committed 32512K, reserved 1114112K
  class space    used 4091K, committed 4288K, reserved 1048576K
}
Event: 135.577 GC heap before
{Heap before GC invocations=8 (full 0):
 garbage-first heap   total 40960K, used 20678K [0x00000000a1e00000, 0x0000000100000000)
  region size 1024K, 8 young (8192K), 3 survivors (3072K)
 Metaspace       used 32846K, committed 33280K, reserved 1114112K
  class space    used 4168K, committed 4352K, reserved 1048576K
}
Event: 135.742 GC heap after
{Heap after GC invocations=9 (full 1):
 garbage-first heap   total 40960K, used 15029K [0x00000000a1e00000, 0x0000000100000000)
  region size 1024K, 0 young (0K), 0 survivors (0K)
 Metaspace       used 32846K, committed 33280K, reserved 1114112K
  class space    used 4168K, committed 4352K, reserved 1048576K
}
Event: 137.121 GC heap before
{Heap before GC invocations=9 (full 1):
 garbage-first heap   total 40960K, used 28341K [0x00000000a1e00000, 0x0000000100000000)
  region size 1024K, 14 young (14336K), 0 survivors (0K)
 Metaspace       used 33040K, committed 33472K, reserved 1114112K
  class space    used 4169K, committed 4352K, reserved 1048576K
}
Event: 137.130 GC heap after
{Heap after GC invocations=10 (full 1):
 garbage-first heap   total 40960K, used 16613K [0x00000000a1e00000, 0x0000000100000000)
  region size 1024K, 2 young (2048K), 2 survivors (2048K)
 Metaspace       used 33040K, committed 33472K, reserved 1114112K
  class space    used 4169K, committed 4352K, reserved 1048576K
}
Event: 137.540 GC heap before
{Heap before GC invocations=10 (full 1):
 garbage-first heap   total 40960K, used 28901K [0x00000000a1e00000, 0x0000000100000000)
  region size 1024K, 14 young (14336K), 2 survivors (2048K)
 Metaspace       used 33280K, committed 33728K, reserved 1114112K
  class space    used 4173K, committed 4416K, reserved 1048576K
}
Event: 137.557 GC heap after
{Heap after GC invocations=11 (full 1):
 garbage-first heap   total 40960K, used 17510K [0x00000000a1e00000, 0x0000000100000000)
  region size 1024K, 2 young (2048K), 2 survivors (2048K)
 Metaspace       used 33280K, committed 33728K, reserved 1114112K
  class space    used 4173K, committed 4416K, reserved 1048576K
}
Event: 584.981 GC heap before
{Heap before GC invocations=11 (full 1):
 garbage-first heap   total 40960K, used 22630K [0x00000000a1e00000, 0x0000000100000000)
  region size 1024K, 9 young (9216K), 2 survivors (2048K)
 Metaspace       used 33632K, committed 34176K, reserved 1114112K
  class space    used 4206K, committed 4480K, reserved 1048576K
}
Event: 585.223 GC heap after
{Heap after GC invocations=12 (full 2):
 garbage-first heap   total 40960K, used 13953K [0x00000000a1e00000, 0x0000000100000000)
  region size 1024K, 0 young (0K), 0 survivors (0K)
 Metaspace       used 33632K, committed 34176K, reserved 1114112K
  class space    used 4206K, committed 4480K, reserved 1048576K
}

Deoptimization events (20 events):
Event: 137.315 Thread 0x000002050ed4a5a0 DEOPT PACKING pc=0x00000204b2a9128d sp=0x000000230f3fde50
Event: 137.315 Thread 0x000002050ed4a5a0 DEOPT UNPACKING pc=0x00000204b9972b43 sp=0x000000230f3fd408 mode 0
Event: 137.323 Thread 0x000002050ed4a5a0 DEOPT PACKING pc=0x00000204b256f8cb sp=0x000000230f3fdc70
Event: 137.323 Thread 0x000002050ed4a5a0 DEOPT UNPACKING pc=0x00000204b9972b43 sp=0x000000230f3fd190 mode 0
Event: 137.486 Thread 0x000002050ed4a5a0 Uncommon trap: trap_request=0xffffffde fr.pc=0x00000204b9f2b45c relative=0x000000000000011c
Event: 137.486 Thread 0x000002050ed4a5a0 Uncommon trap: reason=class_check action=maybe_recompile pc=0x00000204b9f2b45c method=org.springframework.boot.context.properties.source.ConfigurationPropertyName$Elements.charAt(II)C @ 43 c2
Event: 137.486 Thread 0x000002050ed4a5a0 DEOPT PACKING pc=0x00000204b9f2b45c sp=0x000000230f3fb240
Event: 137.486 Thread 0x000002050ed4a5a0 DEOPT UNPACKING pc=0x00000204b99723a3 sp=0x000000230f3fb1b8 mode 2
Event: 137.569 Thread 0x000002050ed4a5a0 DEOPT PACKING pc=0x00000204b2b9f646 sp=0x000000230f3fe2d0
Event: 137.569 Thread 0x000002050ed4a5a0 DEOPT UNPACKING pc=0x00000204b9972b43 sp=0x000000230f3fd798 mode 0
Event: 455.754 Thread 0x000002050ed49b80 Uncommon trap: trap_request=0xffffff45 fr.pc=0x00000204b9f79704 relative=0x0000000000001404
Event: 455.754 Thread 0x000002050ed49b80 Uncommon trap: reason=unstable_if action=reinterpret pc=0x00000204b9f79704 method=jdk.internal.jimage.ImageLocation.verifyName(Ljava/lang/String;Ljava/lang/String;IIIIIILjdk/internal/jimage/ImageStrings;)Z @ 2 c2
Event: 455.755 Thread 0x000002050ed49b80 DEOPT PACKING pc=0x00000204b9f79704 sp=0x00000023115fc800
Event: 455.756 Thread 0x000002050ed49b80 DEOPT UNPACKING pc=0x00000204b99723a3 sp=0x00000023115fc6e8 mode 2
Event: 585.519 Thread 0x000002050ed44060 DEOPT PACKING pc=0x00000204b256f8cb sp=0x000000230f3fd470
Event: 585.519 Thread 0x000002050ed44060 DEOPT UNPACKING pc=0x00000204b9972b43 sp=0x000000230f3fc990 mode 0
Event: 585.580 Thread 0x000002050ed44060 DEOPT PACKING pc=0x00000204b256f8cb sp=0x000000230f3fd190
Event: 585.580 Thread 0x000002050ed44060 DEOPT UNPACKING pc=0x00000204b9972b43 sp=0x000000230f3fc6b0 mode 0
Event: 585.671 Thread 0x000002050ed44060 DEOPT PACKING pc=0x00000204b256f8cb sp=0x000000230f3fd3c0
Event: 585.671 Thread 0x000002050ed44060 DEOPT UNPACKING pc=0x00000204b9972b43 sp=0x000000230f3fc8e0 mode 0

Classes unloaded (0 events):
No events

Classes redefined (0 events):
No events

Internal exceptions (20 events):
Event: 23.648 Thread 0x000002050df01580 Exception <a 'java/lang/NoSuchMethodError'{0x00000000a4b66c80}: 'java.lang.Object java.lang.invoke.DirectMethodHandle$Holder.invokeSpecial(java.lang.Object, java.lang.Object, java.lang.Object, java.lang.Object, java.lang.Object, long)'> (0x00000000a4b66c80) 
thrown [s\open\src\hotspot\share\interpreter\linkResolver.cpp, line 759]
Event: 23.648 Thread 0x000002050df01580 Exception <a 'java/lang/NoSuchMethodError'{0x00000000a4b6a6c0}: 'java.lang.Object java.lang.invoke.Invokers$Holder.linkToTargetMethod(java.lang.Object, java.lang.Object, java.lang.Object, long, java.lang.Object)'> (0x00000000a4b6a6c0) 
thrown [s\open\src\hotspot\share\interpreter\linkResolver.cpp, line 759]
Event: 135.174 Thread 0x000002050ed4a090 Exception <a 'java/lang/NoSuchMethodError'{0x00000000a4b42508}: 'java.lang.Object java.lang.invoke.DirectMethodHandle$Holder.newInvokeSpecial(java.lang.Object, java.lang.Object, int, java.lang.Object)'> (0x00000000a4b42508) 
thrown [s\open\src\hotspot\share\interpreter\linkResolver.cpp, line 759]
Event: 135.179 Thread 0x000002050ed4a090 Exception <a 'java/lang/NoSuchMethodError'{0x00000000a4b45e28}: 'java.lang.Object java.lang.invoke.Invokers$Holder.linkToTargetMethod(java.lang.Object, int, java.lang.Object, java.lang.Object)'> (0x00000000a4b45e28) 
thrown [s\open\src\hotspot\share\interpreter\linkResolver.cpp, line 759]
Event: 135.375 Thread 0x000002050ed4a090 Exception <a 'java/lang/NoSuchMethodError'{0x00000000a4bb4848}: 'void java.lang.invoke.DirectMethodHandle$Holder.invokeInterface(java.lang.Object, java.lang.Object)'> (0x00000000a4bb4848) 
thrown [s\open\src\hotspot\share\interpreter\linkResolver.cpp, line 759]
Event: 135.572 Thread 0x000002050e6dc8d0 Exception <a 'java/lang/InterruptedException'{0x00000000a4be41f0}: sleep interrupted> (0x00000000a4be41f0) 
thrown [s\open\src\hotspot\share\prims\jvm.cpp, line 3064]
Event: 135.798 Thread 0x000002050ed4a5a0 Exception <a 'sun/nio/fs/WindowsException'{0x00000000a7d65448}> (0x00000000a7d65448) 
thrown [s\open\src\hotspot\share\prims\jni.cpp, line 516]
Event: 136.412 Thread 0x000002050ed4a5a0 Exception <a 'sun/nio/fs/WindowsException'{0x00000000a4da0ec8}> (0x00000000a4da0ec8) 
thrown [s\open\src\hotspot\share\prims\jni.cpp, line 516]
Event: 137.229 Thread 0x000002050ed4a5a0 Exception <a 'java/lang/NoClassDefFoundError'{0x00000000a4ea27e8}: org/flywaydb/core/Flyway> (0x00000000a4ea27e8) 
thrown [s\open\src\hotspot\share\oops\constantPool.cpp, line 835]
Event: 137.229 Thread 0x000002050ed4a5a0 Exception <a 'java/lang/NoClassDefFoundError'{0x00000000a4ea2e38}: liquibase/integration/spring/SpringLiquibase> (0x00000000a4ea2e38) 
thrown [s\open\src\hotspot\share\oops\constantPool.cpp, line 835]
Event: 137.324 Thread 0x000002050ed4a5a0 Exception <a 'sun/nio/fs/WindowsException'{0x00000000a4a51858}> (0x00000000a4a51858) 
thrown [s\open\src\hotspot\share\prims\jni.cpp, line 516]
Event: 137.324 Thread 0x000002050ed4a5a0 Exception <a 'sun/nio/fs/WindowsException'{0x00000000a4a51eb0}> (0x00000000a4a51eb0) 
thrown [s\open\src\hotspot\share\prims\jni.cpp, line 516]
Event: 137.325 Thread 0x000002050ed4a5a0 Exception <a 'sun/nio/fs/WindowsException'{0x00000000a4a52588}> (0x00000000a4a52588) 
thrown [s\open\src\hotspot\share\prims\jni.cpp, line 516]
Event: 137.352 Thread 0x000002050ed4a5a0 Exception <a 'java/io/FileNotFoundException'{0x00000000a4a7bbe8}> (0x00000000a4a7bbe8) 
thrown [s\open\src\hotspot\share\prims\jni.cpp, line 516]
Event: 137.383 Thread 0x000002050ed4a5a0 Exception <a 'java/io/FileNotFoundException'{0x00000000a49415b8}> (0x00000000a49415b8) 
thrown [s\open\src\hotspot\share\prims\jni.cpp, line 516]
Event: 137.456 Thread 0x000002050ed4a5a0 Exception <a 'sun/nio/fs/WindowsException'{0x00000000a3c07f58}> (0x00000000a3c07f58) 
thrown [s\open\src\hotspot\share\prims\jni.cpp, line 516]
Event: 455.467 Thread 0x000002050ed49b80 Exception <a 'java/lang/NoSuchMethodError'{0x00000000a4cec4e8}: 'java.lang.Object java.lang.invoke.DirectMethodHandle$Holder.invokeStatic(java.lang.Object, int, int)'> (0x00000000a4cec4e8) 
thrown [s\open\src\hotspot\share\interpreter\linkResolver.cpp, line 759]
Event: 584.974 Thread 0x000002050ed44060 Exception <a 'java/lang/InterruptedException'{0x00000000a4972568}: sleep interrupted> (0x00000000a4972568) 
thrown [s\open\src\hotspot\share\prims\jvm.cpp, line 3064]
Event: 585.276 Thread 0x000002050ed44060 Exception <a 'sun/nio/fs/WindowsException'{0x00000000a7d63b08}> (0x00000000a7d63b08) 
thrown [s\open\src\hotspot\share\prims\jni.cpp, line 516]
Event: 585.420 Thread 0x000002050ed44060 Exception <a 'sun/nio/fs/WindowsException'{0x00000000a4d95c08}> (0x00000000a4d95c08) 
thrown [s\open\src\hotspot\share\prims\jni.cpp, line 516]

VM Operations (20 events):
Event: 318.207 Executing VM operation: Cleanup
Event: 318.208 Executing VM operation: Cleanup done
Event: 358.521 Executing VM operation: Cleanup
Event: 358.521 Executing VM operation: Cleanup done
Event: 414.056 Executing VM operation: Cleanup
Event: 414.056 Executing VM operation: Cleanup done
Event: 454.343 Executing VM operation: Cleanup
Event: 454.343 Executing VM operation: Cleanup done
Event: 455.345 Executing VM operation: Cleanup
Event: 455.347 Executing VM operation: Cleanup done
Event: 456.351 Executing VM operation: Cleanup
Event: 456.351 Executing VM operation: Cleanup done
Event: 461.390 Executing VM operation: Cleanup
Event: 461.390 Executing VM operation: Cleanup done
Event: 469.451 Executing VM operation: Cleanup
Event: 469.452 Executing VM operation: Cleanup done
Event: 568.137 Executing VM operation: Cleanup
Event: 568.140 Executing VM operation: Cleanup done
Event: 584.977 Executing VM operation: G1CollectFull
Event: 585.224 Executing VM operation: G1CollectFull done

Events (20 events):
Event: 584.866 Thread 0x000002050ed44a80 Thread exited: 0x000002050ed44a80
Event: 584.868 Thread 0x000002050ed47300 Thread exited: 0x000002050ed47300
Event: 584.871 Thread 0x000002050ed48740 Thread exited: 0x000002050ed48740
Event: 584.871 Thread 0x000002050ed4b4d0 Thread exited: 0x000002050ed4b4d0
Event: 584.871 Thread 0x000002050ed4aab0 Thread exited: 0x000002050ed4aab0
Event: 584.871 Thread 0x000002050ed463d0 Thread exited: 0x000002050ed463d0
Event: 584.871 Thread 0x000002050ed46df0 Thread exited: 0x000002050ed46df0
Event: 584.871 Thread 0x000002050ed4b9e0 Thread exited: 0x000002050ed4b9e0
Event: 584.872 Thread 0x000002050ed44570 Thread exited: 0x000002050ed44570
Event: 584.872 Thread 0x000002050ed48230 Thread exited: 0x000002050ed48230
Event: 584.872 Thread 0x000002050ed49b80 Thread exited: 0x000002050ed49b80
Event: 584.872 Thread 0x000002050ed45ec0 Thread exited: 0x000002050ed45ec0
Event: 584.973 Thread 0x000002050ed47d20 Thread exited: 0x000002050ed47d20
Event: 584.973 Thread 0x000002050ed4afc0 Thread exited: 0x000002050ed4afc0
Event: 584.974 Thread 0x000002050ed44060 Thread exited: 0x000002050ed44060
Event: 585.225 Thread 0x000002050ed4b4d0 Thread added: 0x000002050ed4b4d0
Event: 585.225 Thread 0x000002050ed4b4d0 Thread exited: 0x000002050ed4b4d0
Event: 585.225 Thread 0x000002050ed44060 Thread added: 0x000002050ed44060
Event: 585.447 Thread 0x000002050ed4aab0 Thread added: 0x000002050ed4aab0
Event: 585.492 Thread 0x000002050ed4aab0 Thread exited: 0x000002050ed4aab0


Dynamic libraries:
0x00007ff77a670000 - 0x00007ff77a680000 	C:\Program Files\Java\jdk-17\bin\java.exe
0x00007ffe74990000 - 0x00007ffe74ba7000 	C:\WINDOWS\SYSTEM32\ntdll.dll
0x00007ffe73710000 - 0x00007ffe737d4000 	C:\WINDOWS\System32\KERNEL32.DLL
0x00007ffe72120000 - 0x00007ffe724c6000 	C:\WINDOWS\System32\KERNELBASE.dll
0x00007ffe725c0000 - 0x00007ffe726d1000 	C:\WINDOWS\System32\ucrtbase.dll
0x00007ffe49890000 - 0x00007ffe498a9000 	C:\Program Files\Java\jdk-17\bin\jli.dll
0x00007ffe6ae30000 - 0x00007ffe6ae4b000 	C:\Program Files\Java\jdk-17\bin\VCRUNTIME140.dll
0x00007ffe732d0000 - 0x00007ffe73383000 	C:\WINDOWS\System32\ADVAPI32.dll
0x00007ffe743f0000 - 0x00007ffe74497000 	C:\WINDOWS\System32\msvcrt.dll
0x00007ffe746b0000 - 0x00007ffe74758000 	C:\WINDOWS\System32\sechost.dll
0x00007ffe724d0000 - 0x00007ffe724f8000 	C:\WINDOWS\System32\bcrypt.dll
0x00007ffe73800000 - 0x00007ffe73917000 	C:\WINDOWS\System32\RPCRT4.dll
0x00007ffe747a0000 - 0x00007ffe7494e000 	C:\WINDOWS\System32\USER32.dll
0x00007ffe71eb0000 - 0x00007ffe71ed6000 	C:\WINDOWS\System32\win32u.dll
0x00007ffe5b5e0000 - 0x00007ffe5b873000 	C:\WINDOWS\WinSxS\amd64_microsoft.windows.common-controls_6595b64144ccf1df_6.0.22621.2506_none_270c5ae97388e100\COMCTL32.dll
0x00007ffe73ab0000 - 0x00007ffe73ad9000 	C:\WINDOWS\System32\GDI32.dll
0x00007ffe71f80000 - 0x00007ffe72098000 	C:\WINDOWS\System32\gdi32full.dll
0x00007ffe71ee0000 - 0x00007ffe71f7a000 	C:\WINDOWS\System32\msvcp_win.dll
0x00007ffe6c930000 - 0x00007ffe6c93a000 	C:\WINDOWS\SYSTEM32\VERSION.dll
0x00007ffe74760000 - 0x00007ffe74791000 	C:\WINDOWS\System32\IMM32.DLL
0x00007ffe6bbf0000 - 0x00007ffe6bbfc000 	C:\Program Files\Java\jdk-17\bin\vcruntime140_1.dll
0x00007ffe46a20000 - 0x00007ffe46aae000 	C:\Program Files\Java\jdk-17\bin\msvcp140.dll
0x00007ffe24010000 - 0x00007ffe24bef000 	C:\Program Files\Java\jdk-17\bin\server\jvm.dll
0x00007ffe74550000 - 0x00007ffe74558000 	C:\WINDOWS\System32\PSAPI.DLL
0x00007ffe6b610000 - 0x00007ffe6b619000 	C:\WINDOWS\SYSTEM32\WSOCK32.dll
0x00007ffe6c0c0000 - 0x00007ffe6c0f4000 	C:\WINDOWS\SYSTEM32\WINMM.dll
0x00007ffe73440000 - 0x00007ffe734b1000 	C:\WINDOWS\System32\WS2_32.dll
0x00007ffe70d00000 - 0x00007ffe70d18000 	C:\WINDOWS\SYSTEM32\kernel.appcore.dll
0x00007ffe5c1f0000 - 0x00007ffe5c1fa000 	C:\Program Files\Java\jdk-17\bin\jimage.dll
0x00007ffe5ed80000 - 0x00007ffe5efb3000 	C:\WINDOWS\SYSTEM32\DBGHELP.DLL
0x00007ffe74060000 - 0x00007ffe743e9000 	C:\WINDOWS\System32\combase.dll
0x00007ffe739b0000 - 0x00007ffe73a87000 	C:\WINDOWS\System32\OLEAUT32.dll
0x00007ffe5ebd0000 - 0x00007ffe5ec02000 	C:\WINDOWS\SYSTEM32\dbgcore.DLL
0x00007ffe720a0000 - 0x00007ffe7211a000 	C:\WINDOWS\System32\bcryptPrimitives.dll
0x00007ffe46340000 - 0x00007ffe46365000 	C:\Program Files\Java\jdk-17\bin\java.dll
0x00007ffe2bfb0000 - 0x00007ffe2c087000 	C:\Program Files\Java\jdk-17\bin\jsvml.dll
0x00007ffe726e0000 - 0x00007ffe72f3a000 	C:\WINDOWS\System32\SHELL32.dll
0x00007ffe6fc20000 - 0x00007ffe70516000 	C:\WINDOWS\SYSTEM32\windows.storage.dll
0x00007ffe6fae0000 - 0x00007ffe6fc1e000 	C:\WINDOWS\SYSTEM32\wintypes.dll
0x00007ffe73ae0000 - 0x00007ffe73bd3000 	C:\WINDOWS\System32\SHCORE.dll
0x00007ffe73390000 - 0x00007ffe733ee000 	C:\WINDOWS\System32\shlwapi.dll
0x00007ffe71c00000 - 0x00007ffe71c26000 	C:\WINDOWS\SYSTEM32\profapi.dll
0x00007ffe49690000 - 0x00007ffe496a9000 	C:\Program Files\Java\jdk-17\bin\net.dll
0x00007ffe6c4e0000 - 0x00007ffe6c617000 	C:\WINDOWS\SYSTEM32\WINHTTP.dll
0x00007ffe71180000 - 0x00007ffe711e9000 	C:\WINDOWS\system32\mswsock.dll
0x00007ffe44830000 - 0x00007ffe44846000 	C:\Program Files\Java\jdk-17\bin\nio.dll
0x00007ffe43ba0000 - 0x00007ffe43bb8000 	C:\Program Files\Java\jdk-17\bin\zip.dll
0x00007ffe4f830000 - 0x00007ffe4f83a000 	C:\Program Files\Java\jdk-17\bin\management.dll
0x00007ffe4df60000 - 0x00007ffe4df6b000 	C:\Program Files\Java\jdk-17\bin\management_ext.dll
0x00007ffe58310000 - 0x00007ffe5831e000 	C:\Program Files\Java\jdk-17\bin\sunmscapi.dll
0x00007ffe71d40000 - 0x00007ffe71ea6000 	C:\WINDOWS\System32\CRYPT32.dll
0x00007ffe71630000 - 0x00007ffe7165e000 	C:\WINDOWS\SYSTEM32\ncrypt.dll
0x00007ffe715f0000 - 0x00007ffe71627000 	C:\WINDOWS\SYSTEM32\NTASN1.dll
0x00007ffe71440000 - 0x00007ffe7145b000 	C:\WINDOWS\SYSTEM32\CRYPTSP.dll
0x00007ffe70c60000 - 0x00007ffe70c95000 	C:\WINDOWS\system32\rsaenh.dll
0x00007ffe712e0000 - 0x00007ffe7130c000 	C:\WINDOWS\SYSTEM32\USERENV.dll
0x00007ffe71460000 - 0x00007ffe7146c000 	C:\WINDOWS\SYSTEM32\CRYPTBASE.dll
0x00007ffe707c0000 - 0x00007ffe707ed000 	C:\WINDOWS\SYSTEM32\IPHLPAPI.DLL
0x00007ffe73100000 - 0x00007ffe73109000 	C:\WINDOWS\System32\NSI.dll
0x00007ffe6c670000 - 0x00007ffe6c689000 	C:\WINDOWS\SYSTEM32\dhcpcsvc6.DLL
0x00007ffe6c4c0000 - 0x00007ffe6c4df000 	C:\WINDOWS\SYSTEM32\dhcpcsvc.DLL
0x00007ffe70840000 - 0x00007ffe70939000 	C:\WINDOWS\SYSTEM32\DNSAPI.dll
0x00007ffe49550000 - 0x00007ffe49558000 	C:\WINDOWS\system32\wshunix.dll

dbghelp: loaded successfully - version: 4.0.5 - missing functions: none
symbol engine: initialized successfully - sym options: 0x614 - pdb path: .;C:\Program Files\Java\jdk-17\bin;C:\WINDOWS\SYSTEM32;C:\WINDOWS\WinSxS\amd64_microsoft.windows.common-controls_6595b64144ccf1df_6.0.22621.2506_none_270c5ae97388e100;C:\Program Files\Java\jdk-17\bin\server

VM Arguments:
jvm_args: -XX:+ShowCodeDetailsInExceptionMessages 
java_command: friends.myfriends.MyfriendsApplication
java_class_path (initial): C:\Dev\backend-projects\myfriends\target\classes;C:\Users\tasha\.m2\repository\org\springframework\boot\spring-boot-starter-thymeleaf\3.2.2\spring-boot-starter-thymeleaf-3.2.2.jar;C:\Users\tasha\.m2\repository\org\springframework\boot\spring-boot-starter\3.2.2\spring-boot-starter-3.2.2.jar;C:\Users\tasha\.m2\repository\org\springframework\boot\spring-boot-starter-logging\3.2.2\spring-boot-starter-logging-3.2.2.jar;C:\Users\tasha\.m2\repository\ch\qos\logback\logback-classic\1.4.14\logback-classic-1.4.14.jar;C:\Users\tasha\.m2\repository\ch\qos\logback\logback-core\1.4.14\logback-core-1.4.14.jar;C:\Users\tasha\.m2\repository\org\apache\logging\log4j\log4j-to-slf4j\2.21.1\log4j-to-slf4j-2.21.1.jar;C:\Users\tasha\.m2\repository\org\apache\logging\log4j\log4j-api\2.21.1\log4j-api-2.21.1.jar;C:\Users\tasha\.m2\repository\org\slf4j\jul-to-slf4j\2.0.11\jul-to-slf4j-2.0.11.jar;C:\Users\tasha\.m2\repository\jakarta\annotation\jakarta.annotation-api\2.1.1\jakarta.annotation-api-2.1.1.jar;C:\Users\tasha\.m2\repository\org\yaml\snakeyaml\2.2\snakeyaml-2.2.jar;C:\Users\tasha\.m2\repository\org\thymeleaf\thymeleaf-spring6\3.1.2.RELEASE\thymeleaf-spring6-3.1.2.RELEASE.jar;C:\Users\tasha\.m2\repository\org\thymeleaf\thymeleaf\3.1.2.RELEASE\thymeleaf-3.1.2.RELEASE.jar;C:\Users\tasha\.m2\repository\org\attoparser\attoparser\2.0.7.RELEASE\attoparser-2.0.7.RELEASE.jar;C:\Users\tasha\.m2\repository\org\unbescape\unbescape\1.1.6.RELEASE\unbescape-1.1.6.RELEASE.jar;C:\Users\tasha\.m2\repository\org\slf4j\slf4j-api\2.0.11\slf4j-api-2.0.11.jar;C:\Users\tasha\.m2\repository\org\springframework\boot\spring-boot-starter-web\3.2.2\spring-boot-starter-web-3.2.2.jar;C:\Users\tasha\.m2\repository\org\springframework\boot\spring-boot-starter-json\3.2.2\spring-boot-starter-json-3.2.2.jar;C:\Users\tasha\.m2\repository\com\fasterxml\jackson\core\jackson-databind\2.15.3\jackson-databind-2.15.3.jar;C:\Users\tasha\.m2\repository\com\fasterxml\jackson\core\jackson-annotations\
Launcher Type: SUN_STANDARD

[Global flags]
     intx CICompilerCount                          = 4                                         {product} {ergonomic}
     uint ConcGCThreads                            = 2                                         {product} {ergonomic}
     uint G1ConcRefinementThreads                  = 8                                         {product} {ergonomic}
   size_t G1HeapRegionSize                         = 1048576                                   {product} {ergonomic}
    uintx GCDrainStackTargetSize                   = 64                                        {product} {ergonomic}
   size_t InitialHeapSize                          = 100663296                                 {product} {ergonomic}
   size_t MarkStackSize                            = 4194304                                   {product} {ergonomic}
   size_t MaxHeapSize                              = 1579155456                                {product} {ergonomic}
   size_t MaxNewSize                               = 946864128                                 {product} {ergonomic}
   size_t MinHeapDeltaBytes                        = 1048576                                   {product} {ergonomic}
   size_t MinHeapSize                              = 8388608                                   {product} {ergonomic}
    uintx NonNMethodCodeHeapSize                   = 5839372                                {pd product} {ergonomic}
    uintx NonProfiledCodeHeapSize                  = 122909434                              {pd product} {ergonomic}
    uintx ProfiledCodeHeapSize                     = 122909434                              {pd product} {ergonomic}
    uintx ReservedCodeCacheSize                    = 251658240                              {pd product} {ergonomic}
     bool SegmentedCodeCache                       = true                                      {product} {ergonomic}
     bool ShowCodeDetailsInExceptionMessages       = true                                   {manageable} {command line}
   size_t SoftMaxHeapSize                          = 1579155456                             {manageable} {ergonomic}
     bool UseCompressedClassPointers               = true                           {product lp64_product} {ergonomic}
     bool UseCompressedOops                        = true                           {product lp64_product} {ergonomic}
     bool UseG1GC                                  = true                                      {product} {ergonomic}
     bool UseLargePagesIndividualAllocation        = false                                  {pd product} {ergonomic}

Logging:
Log output configuration:
 #0: stdout all=warning uptime,level,tags
 #1: stderr all=off uptime,level,tags

Environment Variables:
PATH=C:\Program Files\WindowsApps\Microsoft.PowerShell_7.4.1.0_x64__8wekyb3d8bbwe;C:\Program Files\Common Files\Oracle\Java\javapath;C:\Program Files (x86)\Common Files\Oracle\Java\javapath;C:\ProgramData\Oracle\Java\javapath;C:\WINDOWS\system32;C:\WINDOWS;C:\WINDOWS\System32\Wbem;C:\WINDOWS\System32\WindowsPowerShell\v1.0\;C:\WINDOWS\System32\OpenSSH\;C:\Program Files\PixPlant2Photoshop\x64;C:\Program Files\PixPlant2Photoshop;C:\Program Files\Azure Data Studio\bin;C:\Program Files\Microsoft SQL Server\Client SDK\ODBC\170\Tools\Binn\;C:\Program Files (x86)\Microsoft SQL Server\150\Tools\Binn\;C:\Program Files\Microsoft SQL Server\150\Tools\Binn\;C:\Program Files\Microsoft SQL Server\150\DTS\Binn\;C:\Program Files (x86)\Microsoft SQL Server\160\Tools\Binn\;C:\Program Files\Microsoft SQL Server\160\Tools\Binn\;C:\Program Files\Microsoft SQL Server\160\DTS\Binn\;C:\Program Files (x86)\Microsoft SQL Server\160\DTS\Binn\;C:\Program Files\Git\cmd;C:\Dev\nodejs\;C:\ProgramData\Oracle\Java\javapath;C:\WINDOWS\system32;C:\WINDOWS;C:\WINDOWS\System32\Wbem;C:\WINDOWS\System32\WindowsPowerShell\v1.0\;C:\WINDOWS\System32\OpenSSH\;C:\Program Files\PixPlant2Photoshop\x64;C:\Program Files\PixPlant2Photoshop;C:\Program Files\Azure Data Studio\bin;C:\Program Files\Microsoft SQL Server\Client SDK\ODBC\170\Tools\Binn\;C:\Program Files (x86)\Microsoft SQL Server\150\Tools\Binn\;C:\Program Files\Microsoft SQL Server\150\Tools\Binn\;C:\Program Files\Microsoft SQL Server\150\DTS\Binn\;C:\Program Files\Git\cmd;C:\Program Files (x86)\Microsoft SQL Server\160\Tools\Binn\;C:\Program Files\Microsoft SQL Server\160\Tools\Binn\;C:\Program Files\Microsoft SQL Server\160\DTS\Binn\;C:\Program Files (x86)\Microsoft SQL Server\160\DTS\Binn\;C:\Users\tasha\AppData\Local\Programs\Python\Python310\Scripts\;C:\Users\tasha\AppData\Local\Programs\Python\Python310\;C:\Users\tasha\AppData\Local\Microsoft\WindowsApps;;C:\Program Files\Azure Data Studio\bin;C:\Program Files\JetBrains\IntelliJ IDEA Communi;C:\Users
USERNAME=Admin
LANG=en_US.UTF-8
OS=Windows_NT
PROCESSOR_IDENTIFIER=AMD64 Family 23 Model 24 Stepping 1, AuthenticAMD



---------------  S Y S T E M  ---------------

OS:
 Windows 11 , 64 bit Build 22621 (10.0.22621.2506)
OS uptime: 10 days 9:35 hours

CPU: total 8 (initial active 8) (8 cores per cpu, 2 threads per core) family 23 model 24 stepping 1 microcode 0x0, cx8, cmov, fxsr, ht, mmx, 3dnowpref, sse, sse2, sse3, ssse3, sse4a, sse4.1, sse4.2, popcnt, lzcnt, tsc, tscinvbit, avx, avx2, aes, clmul, bmi1, bmi2, adx, sha, fma, vzeroupper, clflush, clflushopt

Memory: 4k page, system-wide physical 6020M (189M free)
TotalPageFile size 24452M (AvailPageFile size 8M)
current process WorkingSet (physical memory assigned to process): 117M, peak: 161M
current process commit charge ("private bytes"): 205M, peak: 228M

vm_info: Java HotSpot(TM) 64-Bit Server VM (17.0.10+11-LTS-240) for windows-amd64 JRE (17.0.10+11-LTS-240), built on Dec 19 2023 21:47:25 by "mach5one" with MS VC++ 17.1 (VS2022)

END.
